<?xml version="1.0" encoding="UTF-8"?>
<!-- Generated by org.testng.reporters.JUnitReportReporter -->
<testsuite hostname="Chandan-PC" failures="0" tests="1" name="Practice.Commandline" time="0.046" errors="0" timestamp="2025-03-12T10:45:25 IST" skipped="0">
  <testcase classname="Practice.Commandline" name="getdataFromCommandLineTest" time="0.046"/>
  <system-out/>
</testsuite> <!-- Practice.Commandline -->
