<?xml version="1.0" encoding="UTF-8"?>
<!-- Generated by org.testng.reporters.JUnitReportReporter -->
<testsuite hostname="Chandan-PC" failures="0" tests="1" name="Practice.Links" time="22.496" errors="0" timestamp="2025-03-11T17:15:53 IST" skipped="0">
  <testcase classname="Practice.Links" name="Links" time="22.496"/>
  <system-out/>
</testsuite> <!-- Practice.Links -->
